#
# There is insufficient memory for the Java Runtime Environment to continue.
# Native memory allocation (malloc) failed to allocate 887056 bytes for Chunk::new
# Possible reasons:
#   The system is out of physical RAM or swap space
#   The process is running with CompressedOops enabled, and the Java Heap may be blocking the growth of the native heap
# Possible solutions:
#   Reduce memory load on the system
#   Increase physical memory or swap space
#   Check if swap backing store is full
#   Decrease Java heap size (-Xmx/-Xms)
#   Decrease number of Java threads
#   Decrease Java thread stack sizes (-Xss)
#   Set larger code cache with -XX:ReservedCodeCacheSize=
#   JVM is running with Unscaled Compressed Oops mode in which the Java heap is
#     placed in the first 4GB address space. The Java Heap base address is the
#     maximum limit for the native heap growth. Please use -XX:HeapBaseMinAddress
#     to set the Java Heap base and to place the Java Heap above 4GB virtual address.
# This output file may be truncated or incomplete.
#
#  Out of Memory Error (allocation.cpp:389), pid=2264, tid=0x0000000000001948
#
# JRE version: OpenJDK Runtime Environment (8.0_212-b04) (build 1.8.0_212-release-1586-b04)
# Java VM: OpenJDK 64-Bit Server VM (25.212-b04 mixed mode windows-amd64 compressed oops)
# Failed to write core dump. Minidumps are not enabled by default on client versions of Windows
#

---------------  T H R E A D  ---------------

Current thread (0x0000000018a1e000):  JavaThread "C2 CompilerThread2" daemon [_thread_in_native, id=6472, stack(0x0000000019380000,0x0000000019480000)]

Stack: [0x0000000019380000,0x0000000019480000]
[error occurred during error reporting (printing stack bounds), id 0xc0000005]

Native frames: (J=compiled Java code, j=interpreted, Vv=VM code, C=native code)


Current CompileTask:
C2:1137282 19152       4       com.android.tools.r8.u.c.M::a (737 bytes)


---------------  P R O C E S S  ---------------

Java Threads: ( => current thread )
  0x000000001e051800 JavaThread "Cache worker for Java compile cache (C:\Users\user\AndroidStudioProjects\BrainWave_game_data_ok\.gradle\5.6.4\javaCompile)" [_thread_blocked, id=9600, stack(0x000000002b370000,0x000000002b470000)]
  0x000000001e048800 JavaThread "Cache worker for Java compile cache (C:\Users\user\AndroidStudioProjects\1963test\.gradle\caches\5.6.4\javaCompile)" [_thread_blocked, id=6352, stack(0x000000002b270000,0x000000002b370000)]
  0x000000001e04e800 JavaThread "stdout" [_thread_in_native, id=4512, stack(0x0000000029fa0000,0x000000002a0a0000)]
  0x000000001e04e000 JavaThread "stderr" [_thread_in_native, id=2016, stack(0x0000000029ea0000,0x0000000029fa0000)]
  0x000000001e046000 JavaThread "stdout" [_thread_in_native, id=16436, stack(0x0000000029da0000,0x0000000029ea0000)]
  0x000000001e04a000 JavaThread "stderr" [_thread_in_native, id=17356, stack(0x0000000029ca0000,0x0000000029da0000)]
  0x000000001e04a800 JavaThread "stdout" [_thread_in_native, id=8216, stack(0x0000000029ba0000,0x0000000029ca0000)]
  0x000000001e04b800 JavaThread "stderr" [_thread_in_native, id=11768, stack(0x0000000029aa0000,0x0000000029ba0000)]
  0x000000001e04d000 JavaThread "stdout" [_thread_in_native, id=11908, stack(0x00000000287d0000,0x00000000288d0000)]
  0x000000001e04c000 JavaThread "stderr" [_thread_in_native, id=1788, stack(0x0000000028ec0000,0x0000000028fc0000)]
  0x000000001e049000 JavaThread "stdout" [_thread_in_native, id=19908, stack(0x00000000299a0000,0x0000000029aa0000)]
  0x000000001e047000 JavaThread "stderr" [_thread_in_native, id=5980, stack(0x00000000298a0000,0x00000000299a0000)]
  0x000000001c02e800 JavaThread "stdout" [_thread_in_native, id=1808, stack(0x00000000297a0000,0x00000000298a0000)]
  0x000000001c02e000 JavaThread "stderr" [_thread_in_native, id=3404, stack(0x00000000296a0000,0x00000000297a0000)]
  0x000000001c02d000 JavaThread "stdout" [_thread_in_native, id=13420, stack(0x00000000295a0000,0x00000000296a0000)]
  0x000000001c02c800 JavaThread "stderr" [_thread_in_native, id=15780, stack(0x00000000294a0000,0x00000000295a0000)]
  0x000000001c02f800 JavaThread "stdout" [_thread_in_native, id=5772, stack(0x00000000293a0000,0x00000000294a0000)]
  0x000000001c02a000 JavaThread "stderr" [_thread_in_native, id=11080, stack(0x0000000028920000,0x0000000028a20000)]
  0x000000001c02b800 JavaThread "WorkerExecutor Queue Thread 8" [_thread_blocked, id=19696, stack(0x00000000292a0000,0x00000000293a0000)]
  0x000000001c030000 JavaThread "WorkerExecutor Queue Thread 7" [_thread_blocked, id=9444, stack(0x00000000291a0000,0x00000000292a0000)]
  0x000000001c029800 JavaThread "WorkerExecutor Queue Thread 6" [_thread_blocked, id=8800, stack(0x00000000290a0000,0x00000000291a0000)]
  0x000000001c02b000 JavaThread "pool-10-thread-1" [_thread_blocked, id=20248, stack(0x0000000028a70000,0x0000000028b70000)]
  0x000000001a3bb000 JavaThread "WorkerExecutor Queue Thread 5" [_thread_blocked, id=13176, stack(0x00000000286d0000,0x00000000287d0000)]
  0x000000001a3ae000 JavaThread "WorkerExecutor Queue Thread 4" [_thread_in_Java, id=15228, stack(0x0000000028dc0000,0x0000000028ec0000)]
  0x000000001e1a9800 JavaThread "WorkerExecutor Queue Thread 3" [_thread_blocked, id=18436, stack(0x0000000028cc0000,0x0000000028dc0000)]
  0x000000001e1a9000 JavaThread "WorkerExecutor Queue Thread 2" [_thread_in_native, id=6260, stack(0x0000000028bc0000,0x0000000028cc0000)]
  0x000000001e1a3800 JavaThread "WorkerExecutor Queue" [_thread_blocked, id=3452, stack(0x00000000283d0000,0x00000000284d0000)]
  0x000000001e1a6000 JavaThread "Cache worker for execution history cache (C:\Users\user\AndroidStudioProjects\BrainWave_game_data_ok\.gradle\5.6.4\executionHistory)" [_thread_blocked, id=11096, stack(0x00000000282d0000,0x00000000283d0000)]
  0x000000001e1a6800 JavaThread "Execution worker for ':' Thread 7" [_thread_blocked, id=16920, stack(0x00000000281d0000,0x00000000282d0000)]
  0x000000001e1aa800 JavaThread "Execution worker for ':' Thread 6" [_thread_blocked, id=4736, stack(0x00000000280d0000,0x00000000281d0000)]
  0x000000001b843000 JavaThread "Execution worker for ':' Thread 5" [_thread_blocked, id=2716, stack(0x0000000027fd0000,0x00000000280d0000)]
  0x000000001b840000 JavaThread "Execution worker for ':' Thread 4" [_thread_blocked, id=18700, stack(0x0000000027ed0000,0x0000000027fd0000)]
  0x000000001b844000 JavaThread "Execution worker for ':' Thread 3" [_thread_blocked, id=14124, stack(0x0000000027dd0000,0x0000000027ed0000)]
  0x000000001b83f800 JavaThread "Execution worker for ':' Thread 2" [_thread_blocked, id=8568, stack(0x0000000027cd0000,0x0000000027dd0000)]
  0x0000000019d83800 JavaThread "Execution worker for ':'" [_thread_blocked, id=14420, stack(0x0000000027bd0000,0x0000000027cd0000)]
  0x0000000019d7f000 JavaThread "Cache worker for file content cache (C:\Users\user\AndroidStudioProjects\BrainWave_game_data_ok\.gradle\5.6.4\fileContent)" [_thread_blocked, id=9032, stack(0x0000000027ad0000,0x0000000027bd0000)]
  0x0000000019d81000 JavaThread "Cache worker for file content cache (C:\Users\user\AndroidStudioProjects\1963test\.gradle\caches\5.6.4\fileContent)" [_thread_blocked, id=18028, stack(0x00000000279d0000,0x0000000027ad0000)]
  0x0000000019d85800 JavaThread "Cache worker for Build Output Cleanup Cache (C:\Users\user\AndroidStudioProjects\BrainWave_game_data_ok\.gradle\buildOutputCleanup)" [_thread_blocked, id=1532, stack(0x00000000278d0000,0x00000000279d0000)]
  0x0000000019d82800 JavaThread "Build operations Thread 8" [_thread_blocked, id=404, stack(0x00000000267e0000,0x00000000268e0000)]
  0x0000000019d80800 JavaThread "Build operations Thread 7" [_thread_blocked, id=6612, stack(0x00000000266e0000,0x00000000267e0000)]
  0x0000000019d82000 JavaThread "Build operations Thread 6" [_thread_blocked, id=9912, stack(0x0000000025d20000,0x0000000025e20000)]
  0x0000000019d7f800 JavaThread "Build operations Thread 5" [_thread_blocked, id=14036, stack(0x00000000256c0000,0x00000000257c0000)]
  0x0000000019d85000 JavaThread "Build operations Thread 4" [_thread_blocked, id=15196, stack(0x0000000024b50000,0x0000000024c50000)]
  0x0000000019d77800 JavaThread "Build operations Thread 3" [_thread_blocked, id=11204, stack(0x0000000023280000,0x0000000023380000)]
  0x0000000019d7e000 JavaThread "Build operations Thread 2" [_thread_blocked, id=11452, stack(0x0000000021db0000,0x0000000021eb0000)]
  0x0000000019d7c000 JavaThread "Build operations" [_thread_blocked, id=11996, stack(0x0000000020fb0000,0x00000000210b0000)]
  0x0000000019d76800 JavaThread "Cache worker for cache directory md-rule (C:\Users\user\AndroidStudioProjects\1963test\.gradle\caches\5.6.4\md-rule)" [_thread_blocked, id=1072, stack(0x0000000020eb0000,0x0000000020fb0000)]
  0x0000000019d79800 JavaThread "Cache worker for cache directory md-supplier (C:\Users\user\AndroidStudioProjects\1963test\.gradle\caches\5.6.4\md-supplier)" [_thread_blocked, id=19496, stack(0x000000001f990000,0x000000001fa90000)]
  0x0000000019d7d800 JavaThread "Cache worker for file hash cache (C:\Users\user\AndroidStudioProjects\BrainWave_game_data_ok\.gradle\5.6.4\fileHashes)" [_thread_blocked, id=15644, stack(0x000000001cdf0000,0x000000001cef0000)]
  0x0000000019d7c800 JavaThread "Thread-86" [_thread_blocked, id=15880, stack(0x000000001ccf0000,0x000000001cdf0000)]
  0x000000001a3b9800 JavaThread "Stdin handler" [_thread_blocked, id=5352, stack(0x000000001caf0000,0x000000001cbf0000)]
  0x000000001a3b1800 JavaThread "Asynchronous log dispatcher for DefaultDaemonConnection: socket connection from /127.0.0.1:50563 to /127.0.0.1:51993" [_thread_blocked, id=4524, stack(0x000000001c9f0000,0x000000001caf0000)]
  0x000000001a3b8800 JavaThread "Daemon worker Thread 5" [_thread_blocked, id=13476, stack(0x000000001c4f0000,0x000000001c5f0000)]
  0x000000001a3b6000 JavaThread "Cancel handler" [_thread_blocked, id=17948, stack(0x0000000000e90000,0x0000000000f90000)]
  0x000000001a3ae800 JavaThread "Handler for socket connection from /127.0.0.1:50563 to /127.0.0.1:51993" [_thread_in_native, id=7788, stack(0x0000000000d90000,0x0000000000e90000)]
  0x000000001a3b4800 JavaThread "Daemon Thread 5" [_thread_blocked, id=7260, stack(0x0000000000c90000,0x0000000000d90000)]
  0x000000001a3ba000 JavaThread "Memory manager" [_thread_blocked, id=3932, stack(0x0000000025820000,0x0000000025920000)]
  0x000000001a3b2800 JavaThread "Cache worker for execution history cache (C:\Users\user\AndroidStudioProjects\1963test\.gradle\caches\5.6.4\executionHistory)" [_thread_blocked, id=11328, stack(0x00000000210b0000,0x00000000211b0000)]
  0x000000001b83e800 JavaThread "Cache worker for journal cache (C:\Users\user\AndroidStudioProjects\1963test\.gradle\caches\journal-1)" [_thread_blocked, id=4560, stack(0x000000001d2f0000,0x000000001d3f0000)]
  0x000000001b83e000 JavaThread "File lock request listener" [_thread_in_native, id=2148, stack(0x000000001d1f0000,0x000000001d2f0000)]
  0x000000001b83d000 JavaThread "Cache worker for file hash cache (C:\Users\user\AndroidStudioProjects\1963test\.gradle\caches\5.6.4\fileHashes)" [_thread_blocked, id=10512, stack(0x000000001d0f0000,0x000000001d1f0000)]
  0x000000001b5ad000 JavaThread "Daemon periodic checks" [_thread_blocked, id=17728, stack(0x000000001c3f0000,0x000000001c4f0000)]
  0x000000001b5ab800 JavaThread "Incoming local TCP Connector on port 50563" [_thread_in_native, id=9596, stack(0x000000001c240000,0x000000001c340000)]
  0x000000001b507000 JavaThread "Daemon health stats" [_thread_blocked, id=14556, stack(0x000000001af50000,0x000000001b050000)]
  0x0000000018a5b000 JavaThread "Service Thread" daemon [_thread_blocked, id=19136, stack(0x0000000019580000,0x0000000019680000)]
  0x0000000018a23000 JavaThread "C1 CompilerThread3" daemon [_thread_in_vm, id=9008, stack(0x0000000019480000,0x0000000019580000)]
=>0x0000000018a1e000 JavaThread "C2 CompilerThread2" daemon [_thread_in_native, id=6472, stack(0x0000000019380000,0x0000000019480000)]
  0x0000000016bac800 JavaThread "C2 CompilerThread1" daemon [_thread_in_native, id=10468, stack(0x0000000019280000,0x0000000019380000)]
  0x0000000016baa000 JavaThread "C2 CompilerThread0" daemon [_thread_in_native, id=18684, stack(0x0000000019180000,0x0000000019280000)]
  0x0000000018a10800 JavaThread "Attach Listener" daemon [_thread_blocked, id=368, stack(0x0000000019080000,0x0000000019180000)]
  0x00000000189bd800 JavaThread "Signal Dispatcher" daemon [_thread_blocked, id=20260, stack(0x0000000018f80000,0x0000000019080000)]
  0x0000000002dde000 JavaThread "Finalizer" daemon [_thread_blocked, id=9164, stack(0x0000000018e80000,0x0000000018f80000)]
  0x0000000002dd5000 JavaThread "Reference Handler" daemon [_thread_blocked, id=6516, stack(0x0000000018d80000,0x0000000018e80000)]
  0x000000000103e000 JavaThread "main" [_thread_blocked, id=1284, stack(0x0000000002be0000,0x0000000002ce0000)]

Other Threads:
  0x0000000016b98000 VMThread [stack: 0x0000000018880000,0x0000000018980000] [id=20204]
  0x0000000018a5c000 WatcherThread [stack: 0x0000000019680000,0x0000000019780000] [id=17036]

VM state:not at safepoint (normal execution)

VM Mutex/Monitor currently owned by a thread: None

heap address: 0x00000000a0000000, size: 1536 MB, Compressed Oops mode: 32-bit
Narrow klass base: 0x0000000000000000, Narrow klass shift: 3
Compressed class space size: 1073741824 Address: 0x0000000100000000

Heap:
 PSYoungGen      total 229888K, used 124650K [0x00000000e0000000, 0x00000000f3700000, 0x0000000100000000)
  eden space 182784K, 68% used [0x00000000e0000000,0x00000000e79ba9b0,0x00000000eb280000)
  from space 47104K, 0% used [0x00000000eb280000,0x00000000eb280000,0x00000000ee080000)
  to   space 55808K, 0% used [0x00000000f0080000,0x00000000f0080000,0x00000000f3700000)
 ParOldGen       total 96256K, used 85534K [0x00000000a0000000, 0x00000000a5e00000, 0x00000000e0000000)
  object space 96256K, 88% used [0x00000000a0000000,0x00000000a53878d8,0x00000000a5e00000)
 Metaspace       used 97362K, capacity 102174K, committed 102912K, reserved 1138688K
  class space    used 12609K, capacity 13655K, committed 13824K, reserved 1048576K

Card table byte_map: [0x00000000121a0000,0x00000000124b0000] byte_map_base: 0x0000000011ca0000

Marking Bits: (ParMarkBitMap*) 0x00000000638d9f30
 Begin Bits: [0x0000000012eb0000, 0x00000000146b0000)
 End Bits:   [0x00000000146b0000, 0x0000000015eb0000)

Polling page: 0x0000000001010000

CodeCache: size=245760Kb used=54612Kb max_used=54619Kb free=191147Kb
 bounds [0x0000000002de0000, 0x0000000006380000, 0x0000000011de0000]
 total_blobs=16972 nmethods=16067 adapters=814
 compilation: enabled

Compilation events (10 events):
Event: 1137.269 Thread 0x0000000018a23000 nmethod 19321 0x000000000636bd90 code [0x000000000636bee0, 0x000000000636c070]
Event: 1137.269 Thread 0x0000000018a23000 19338       2       com.android.tools.r8.u.b.g1::R (15 bytes)
Event: 1137.271 Thread 0x0000000018a23000 nmethod 19338 0x00000000063698d0 code [0x0000000006369a60, 0x0000000006369d28]
Event: 1137.271 Thread 0x0000000016baa000 nmethod 19164 0x000000000636c110 code [0x000000000636c4e0, 0x000000000636dfb8]
Event: 1137.271 Thread 0x0000000018a23000 19341       1       com.android.tools.r8.u.b.z::c2 (2 bytes)
Event: 1137.271 Thread 0x0000000018a23000 nmethod 19341 0x0000000006322f10 code [0x0000000006323060, 0x0000000006323170]
Event: 1137.271 Thread 0x0000000018a23000 19373       1       com.android.tools.r8.r.n.w::g (5 bytes)
Event: 1137.271 Thread 0x0000000018a23000 nmethod 19373 0x0000000006330b10 code [0x0000000006330c60, 0x0000000006330d70]
Event: 1137.271 Thread 0x0000000016baa000 19365       4       java.util.stream.AbstractPipeline::wrapSink (37 bytes)
Event: 1137.271 Thread 0x0000000018a23000 19374       2       com.android.tools.r8.u.c.M::j (399 bytes)

GC Heap History (10 events):
Event: 1123.366 GC heap before
{Heap before GC invocations=25 (full 3):
 PSYoungGen      total 168960K, used 168938K [0x00000000e0000000, 0x00000000ee400000, 0x0000000100000000)
  eden space 142848K, 100% used [0x00000000e0000000,0x00000000e8b80000,0x00000000e8b80000)
  from space 26112K, 99% used [0x00000000e8b80000,0x00000000ea4faa50,0x00000000ea500000)
  to   space 35328K, 0% used [0x00000000ec180000,0x00000000ec180000,0x00000000ee400000)
 ParOldGen       total 96256K, used 72142K [0x00000000a0000000, 0x00000000a5e00000, 0x00000000e0000000)
  object space 96256K, 74% used [0x00000000a0000000,0x00000000a4673998,0x00000000a5e00000)
 Metaspace       used 82143K, capacity 86726K, committed 87040K, reserved 1124352K
  class space    used 10734K, capacity 11679K, committed 11776K, reserved 1048576K
Event: 1123.402 GC heap after
Heap after GC invocations=25 (full 3):
 PSYoungGen      total 193536K, used 31509K [0x00000000e0000000, 0x00000000eea80000, 0x0000000100000000)
  eden space 158208K, 0% used [0x00000000e0000000,0x00000000e0000000,0x00000000e9a80000)
  from space 35328K, 89% used [0x00000000ec180000,0x00000000ee0454d8,0x00000000ee400000)
  to   space 39936K, 0% used [0x00000000e9a80000,0x00000000e9a80000,0x00000000ec180000)
 ParOldGen       total 96256K, used 74753K [0x00000000a0000000, 0x00000000a5e00000, 0x00000000e0000000)
  object space 96256K, 77% used [0x00000000a0000000,0x00000000a4900490,0x00000000a5e00000)
 Metaspace       used 82143K, capacity 86726K, committed 87040K, reserved 1124352K
  class space    used 10734K, capacity 11679K, committed 11776K, reserved 1048576K
}
Event: 1124.363 GC heap before
{Heap before GC invocations=26 (full 3):
 PSYoungGen      total 193536K, used 189717K [0x00000000e0000000, 0x00000000eea80000, 0x0000000100000000)
  eden space 158208K, 100% used [0x00000000e0000000,0x00000000e9a80000,0x00000000e9a80000)
  from space 35328K, 89% used [0x00000000ec180000,0x00000000ee0454d8,0x00000000ee400000)
  to   space 39936K, 0% used [0x00000000e9a80000,0x00000000e9a80000,0x00000000ec180000)
 ParOldGen       total 96256K, used 74753K [0x00000000a0000000, 0x00000000a5e00000, 0x00000000e0000000)
  object space 96256K, 77% used [0x00000000a0000000,0x00000000a4900490,0x00000000a5e00000)
 Metaspace       used 82480K, capacity 87046K, committed 87296K, reserved 1124352K
  class space    used 10768K, capacity 11743K, committed 11776K, reserved 1048576K
Event: 1124.425 GC heap after
Heap after GC invocations=26 (full 3):
 PSYoungGen      total 198144K, used 27477K [0x00000000e0000000, 0x00000000f0980000, 0x0000000100000000)
  eden space 158208K, 0% used [0x00000000e0000000,0x00000000e0000000,0x00000000e9a80000)
  from space 39936K, 68% used [0x00000000e9a80000,0x00000000eb555558,0x00000000ec180000)
  to   space 41984K, 0% used [0x00000000ee080000,0x00000000ee080000,0x00000000f0980000)
 ParOldGen       total 96256K, used 74761K [0x00000000a0000000, 0x00000000a5e00000, 0x00000000e0000000)
  object space 96256K, 77% used [0x00000000a0000000,0x00000000a4902490,0x00000000a5e00000)
 Metaspace       used 82480K, capacity 87046K, committed 87296K, reserved 1124352K
  class space    used 10768K, capacity 11743K, committed 11776K, reserved 1048576K
}
Event: 1130.562 GC heap before
{Heap before GC invocations=27 (full 3):
 PSYoungGen      total 198144K, used 185685K [0x00000000e0000000, 0x00000000f0980000, 0x0000000100000000)
  eden space 158208K, 100% used [0x00000000e0000000,0x00000000e9a80000,0x00000000e9a80000)
  from space 39936K, 68% used [0x00000000e9a80000,0x00000000eb555558,0x00000000ec180000)
  to   space 41984K, 0% used [0x00000000ee080000,0x00000000ee080000,0x00000000f0980000)
 ParOldGen       total 96256K, used 74761K [0x00000000a0000000, 0x00000000a5e00000, 0x00000000e0000000)
  object space 96256K, 77% used [0x00000000a0000000,0x00000000a4902490,0x00000000a5e00000)
 Metaspace       used 88692K, capacity 93234K, committed 93440K, reserved 1130496K
  class space    used 11462K, capacity 12485K, committed 12544K, reserved 1048576K
Event: 1130.640 GC heap after
Heap after GC invocations=27 (full 3):
 PSYoungGen      total 224768K, used 36241K [0x00000000e0000000, 0x00000000f1200000, 0x0000000100000000)
  eden space 182784K, 0% used [0x00000000e0000000,0x00000000e0000000,0x00000000eb280000)
  from space 41984K, 86% used [0x00000000ee080000,0x00000000f03e4438,0x00000000f0980000)
  to   space 47104K, 0% used [0x00000000eb280000,0x00000000eb280000,0x00000000ee080000)
 ParOldGen       total 96256K, used 74777K [0x00000000a0000000, 0x00000000a5e00000, 0x00000000e0000000)
  object space 96256K, 77% used [0x00000000a0000000,0x00000000a4906490,0x00000000a5e00000)
 Metaspace       used 88692K, capacity 93234K, committed 93440K, reserved 1130496K
  class space    used 11462K, capacity 12485K, committed 12544K, reserved 1048576K
}
Event: 1134.000 GC heap before
{Heap before GC invocations=28 (full 3):
 PSYoungGen      total 224768K, used 171144K [0x00000000e0000000, 0x00000000f1200000, 0x0000000100000000)
  eden space 182784K, 73% used [0x00000000e0000000,0x00000000e83bdc60,0x00000000eb280000)
  from space 41984K, 86% used [0x00000000ee080000,0x00000000f03e4438,0x00000000f0980000)
  to   space 47104K, 0% used [0x00000000eb280000,0x00000000eb280000,0x00000000ee080000)
 ParOldGen       total 96256K, used 74777K [0x00000000a0000000, 0x00000000a5e00000, 0x00000000e0000000)
  object space 96256K, 77% used [0x00000000a0000000,0x00000000a4906490,0x00000000a5e00000)
 Metaspace       used 93228K, capacity 98482K, committed 98560K, reserved 1134592K
  class space    used 12134K, capacity 13239K, committed 13312K, reserved 1048576K
Event: 1134.063 GC heap after
Heap after GC invocations=28 (full 3):
 PSYoungGen      total 229888K, used 47097K [0x00000000e0000000, 0x00000000f3700000, 0x0000000100000000)
  eden space 182784K, 0% used [0x00000000e0000000,0x00000000e0000000,0x00000000eb280000)
  from space 47104K, 99% used [0x00000000eb280000,0x00000000ee07e5f8,0x00000000ee080000)
  to   space 55808K, 0% used [0x00000000f0080000,0x00000000f0080000,0x00000000f3700000)
 ParOldGen       total 96256K, used 77537K [0x00000000a0000000, 0x00000000a5e00000, 0x00000000e0000000)
  object space 96256K, 80% used [0x00000000a0000000,0x00000000a4bb86e8,0x00000000a5e00000)
 Metaspace       used 93228K, capacity 98482K, committed 98560K, reserved 1134592K
  class space    used 12134K, capacity 13239K, committed 13312K, reserved 1048576K
}
Event: 1134.063 GC heap before
{Heap before GC invocations=29 (full 4):
 PSYoungGen      total 229888K, used 47097K [0x00000000e0000000, 0x00000000f3700000, 0x0000000100000000)
  eden space 182784K, 0% used [0x00000000e0000000,0x00000000e0000000,0x00000000eb280000)
  from space 47104K, 99% used [0x00000000eb280000,0x00000000ee07e5f8,0x00000000ee080000)
  to   space 55808K, 0% used [0x00000000f0080000,0x00000000f0080000,0x00000000f3700000)
 ParOldGen       total 96256K, used 77537K [0x00000000a0000000, 0x00000000a5e00000, 0x00000000e0000000)
  object space 96256K, 80% used [0x00000000a0000000,0x00000000a4bb86e8,0x00000000a5e00000)
 Metaspace       used 93228K, capacity 98482K, committed 98560K, reserved 1134592K
  class space    used 12134K, capacity 13239K, committed 13312K, reserved 1048576K
Event: 1135.283 GC heap after
Heap after GC invocations=29 (full 4):
 PSYoungGen      total 229888K, used 0K [0x00000000e0000000, 0x00000000f3700000, 0x0000000100000000)
  eden space 182784K, 0% used [0x00000000e0000000,0x00000000e0000000,0x00000000eb280000)
  from space 47104K, 0% used [0x00000000eb280000,0x00000000eb280000,0x00000000ee080000)
  to   space 55808K, 0% used [0x00000000f0080000,0x00000000f0080000,0x00000000f3700000)
 ParOldGen       total 96256K, used 85534K [0x00000000a0000000, 0x00000000a5e00000, 0x00000000e0000000)
  object space 96256K, 88% used [0x00000000a0000000,0x00000000a53878d8,0x00000000a5e00000)
 Metaspace       used 92581K, capacity 96668K, committed 98560K, reserved 1134592K
  class space    used 11918K, capacity 12856K, committed 13312K, reserved 1048576K
}

Deoptimization events (10 events):
Event: 1136.896 Thread 0x000000001a3ae000 Uncommon trap: reason=unstable_if action=reinterpret pc=0x0000000006200084 method=com.android.tools.r8.u.b.i1.b()Z @ 11
Event: 1136.951 Thread 0x000000001a3ae000 Uncommon trap: reason=unstable_if action=reinterpret pc=0x000000000623a2a8 method=com.android.tools.r8.u.c.M.c(Lcom/android/tools/r8/u/b/d0;)V @ 67
Event: 1136.961 Thread 0x000000001a3bb000 Uncommon trap: reason=class_check action=maybe_recompile pc=0x0000000006217d60 method=com.android.tools.r8.graph.V$$Lambda$1050/1157977730.compare(Ljava/lang/Object;Ljava/lang/Object;)I @ 5
Event: 1136.961 Thread 0x000000001a3bb000 Uncommon trap: reason=class_check action=maybe_recompile pc=0x0000000006217d60 method=com.android.tools.r8.graph.V$$Lambda$1050/1157977730.compare(Ljava/lang/Object;Ljava/lang/Object;)I @ 5
Event: 1136.961 Thread 0x000000001a3bb000 Uncommon trap: reason=class_check action=maybe_recompile pc=0x0000000006217d60 method=com.android.tools.r8.graph.V$$Lambda$1050/1157977730.compare(Ljava/lang/Object;Ljava/lang/Object;)I @ 5
Event: 1136.961 Thread 0x000000001a3bb000 Uncommon trap: reason=class_check action=maybe_recompile pc=0x0000000006217d60 method=com.android.tools.r8.graph.V$$Lambda$1050/1157977730.compare(Ljava/lang/Object;Ljava/lang/Object;)I @ 5
Event: 1137.005 Thread 0x000000001a3bb000 Uncommon trap: reason=class_check action=maybe_recompile pc=0x00000000062b6abc method=com.android.tools.r8.graph.V.a(Lcom/android/tools/r8/naming/H;Lcom/android/tools/r8/graph/I0;Lcom/android/tools/r8/graph/I0;)I @ 3
Event: 1137.005 Thread 0x000000001a3bb000 Uncommon trap: reason=class_check action=maybe_recompile pc=0x00000000062b6abc method=com.android.tools.r8.graph.V.a(Lcom/android/tools/r8/naming/H;Lcom/android/tools/r8/graph/I0;Lcom/android/tools/r8/graph/I0;)I @ 3
Event: 1137.005 Thread 0x000000001a3bb000 Uncommon trap: reason=class_check action=maybe_recompile pc=0x00000000062b6abc method=com.android.tools.r8.graph.V.a(Lcom/android/tools/r8/naming/H;Lcom/android/tools/r8/graph/I0;Lcom/android/tools/r8/graph/I0;)I @ 3
Event: 1137.005 Thread 0x000000001a3bb000 Uncommon trap: reason=class_check action=maybe_recompile pc=0x00000000062b6abc method=com.android.tools.r8.graph.V.a(Lcom/android/tools/r8/naming/H;Lcom/android/tools/r8/graph/I0;Lcom/android/tools/r8/graph/I0;)I @ 3

Classes redefined (0 events):
No events

Internal exceptions (10 events):
Event: 1132.173 Thread 0x000000001a3b8800 Exception <a 'sun/nio/fs/WindowsException'> (0x00000000e3bdef70) thrown at [D:\src\AOSP-openjdk-cygwin\jdk8u\hotspot\src\share\vm\prims\jni.cpp, line 710]
Event: 1132.211 Thread 0x000000001a3b8800 Exception <a 'java/lang/NoSuchMethodError': <clinit>> (0x00000000e3ed2d28) thrown at [D:\src\AOSP-openjdk-cygwin\jdk8u\hotspot\src\share\vm\prims\jni.cpp, line 1614]
Event: 1132.213 Thread 0x000000001a3b8800 Exception <a 'java/lang/NoSuchMethodError': <clinit>> (0x00000000e3eeb198) thrown at [D:\src\AOSP-openjdk-cygwin\jdk8u\hotspot\src\share\vm\prims\jni.cpp, line 1614]
Event: 1132.251 Thread 0x000000001c030000 Exception <a 'java/lang/NoSuchMethodError': java.lang.Object.lambda$static$0(Ljava/lang/String;)Z> (0x00000000e4017f58) thrown at [D:\src\AOSP-openjdk-cygwin\jdk8u\hotspot\src\share\vm\interpreter\linkResolver.cpp, line 620]
Event: 1132.662 Thread 0x000000001a3ae000 Exception <a 'sun/nio/fs/WindowsException'> (0x00000000e4fb2f38) thrown at [D:\src\AOSP-openjdk-cygwin\jdk8u\hotspot\src\share\vm\prims\jni.cpp, line 710]
Event: 1135.779 Thread 0x000000001e1a3800 Exception <a 'java/lang/NoSuchMethodError': java.lang.Object.lambda$maxBy$1(Ljava/util/Comparator;Ljava/lang/Object;Ljava/lang/Object;)Ljava/lang/Object;> (0x00000000e0f9c290) thrown at [D:\src\AOSP-openjdk-cygwin\jdk8u\hotspot\src\share\vm\interpreter\li
Event: 1135.779 Thread 0x000000001a3ae000 Exception <a 'java/lang/NoSuchMethodError': java.lang.Object.lambda$maxBy$1(Ljava/util/Comparator;Ljava/lang/Object;Ljava/lang/Object;)Ljava/lang/Object;> (0x00000000e0ec1a50) thrown at [D:\src\AOSP-openjdk-cygwin\jdk8u\hotspot\src\share\vm\interpreter\li
Event: 1135.779 Thread 0x000000001e1a9800 Exception <a 'java/lang/NoSuchMethodError': java.lang.Object.lambda$maxBy$1(Ljava/util/Comparator;Ljava/lang/Object;Ljava/lang/Object;)Ljava/lang/Object;> (0x00000000e0c94ca8) thrown at [D:\src\AOSP-openjdk-cygwin\jdk8u\hotspot\src\share\vm\interpreter\li
Event: 1135.779 Thread 0x000000001a3bb000 Exception <a 'java/lang/NoSuchMethodError': java.lang.Object.lambda$maxBy$1(Ljava/util/Comparator;Ljava/lang/Object;Ljava/lang/Object;)Ljava/lang/Object;> (0x00000000e0bfecc8) thrown at [D:\src\AOSP-openjdk-cygwin\jdk8u\hotspot\src\share\vm\interpreter\li
Event: 1135.779 Thread 0x000000001c029800 Exception <a 'java/lang/NoSuchMethodError': java.lang.Object.lambda$maxBy$1(Ljava/util/Comparator;Ljava/lang/Object;Ljava/lang/Object;)Ljava/lang/Object;> (0x00000000e038e578) thrown at [D:\src\AOSP-openjdk-cygwin\jdk8u\hotspot\src\share\vm\interpreter\li

Events (10 events):
Event: 1137.106 loading class com/android/tools/r8/code/t2 done
Event: 1137.107 loading class com/android/tools/r8/code/v2
Event: 1137.107 loading class com/android/tools/r8/code/v2 done
Event: 1137.107 loading class com/android/tools/r8/code/u2
Event: 1137.107 loading class com/android/tools/r8/code/u2 done
Event: 1137.208 Thread 0x000000001a3ae000 DEOPT PACKING pc=0x0000000003a1ee3c sp=0x0000000028ebd0d0
Event: 1137.208 Thread 0x000000001a3ae000 DEOPT UNPACKING pc=0x0000000002e275d0 sp=0x0000000028ebce28 mode 0
Event: 1137.226 Thread 0x000000001a3ae000 DEOPT PACKING pc=0x0000000006143f83 sp=0x0000000028ebd600
Event: 1137.226 Thread 0x000000001a3ae000 DEOPT UNPACKING pc=0x0000000002e275d0 sp=0x0000000028ebd458 mode 0
Event: 1137.274 Executing VM operation: ForceSafepoint


Dynamic libraries:
0x00007ff6d3150000 - 0x00007ff6d3181000 	C:\Program Files\Android\Android Studio\jre\bin\java.exe
0x00007ff950c20000 - 0x00007ff950e10000 	C:\WINDOWS\SYSTEM32\ntdll.dll
0x00007ff90ec80000 - 0x00007ff90ec93000 	C:\Program Files\AVAST Software\Avast\aswhook.dll
0x00007ff94ee60000 - 0x00007ff94ef12000 	C:\WINDOWS\System32\KERNEL32.DLL
0x00007ff94e500000 - 0x00007ff94e7a5000 	C:\WINDOWS\System32\KERNELBASE.dll
0x00007ff9508e0000 - 0x00007ff950983000 	C:\WINDOWS\System32\ADVAPI32.dll
0x00007ff94ecd0000 - 0x00007ff94ed6e000 	C:\WINDOWS\System32\msvcrt.dll
0x00007ff9506f0000 - 0x00007ff950787000 	C:\WINDOWS\System32\sechost.dll
0x00007ff9505d0000 - 0x00007ff9506ef000 	C:\WINDOWS\System32\RPCRT4.dll
0x00007ff950990000 - 0x00007ff950b24000 	C:\WINDOWS\System32\USER32.dll
0x00007ff94eca0000 - 0x00007ff94ecc1000 	C:\WINDOWS\System32\win32u.dll
0x00007ff94ef20000 - 0x00007ff94ef46000 	C:\WINDOWS\System32\GDI32.dll
0x00007ff94db90000 - 0x00007ff94dd28000 	C:\WINDOWS\System32\gdi32full.dll
0x00007ff94ebb0000 - 0x00007ff94ec4e000 	C:\WINDOWS\System32\msvcp_win.dll
0x00007ff94e950000 - 0x00007ff94ea4a000 	C:\WINDOWS\System32\ucrtbase.dll
0x00007ff93ef70000 - 0x00007ff93f1f4000 	C:\WINDOWS\WinSxS\amd64_microsoft.windows.common-controls_6595b64144ccf1df_6.0.18362.1500_none_9e79be6de462295c\COMCTL32.dll
0x00007ff94f220000 - 0x00007ff94f556000 	C:\WINDOWS\System32\combase.dll
0x00007ff94e8c0000 - 0x00007ff94e941000 	C:\WINDOWS\System32\bcryptPrimitives.dll
0x00007ff94f560000 - 0x00007ff94f58e000 	C:\WINDOWS\System32\IMM32.DLL
0x0000000064fd0000 - 0x00000000650a2000 	C:\Program Files\Android\Android Studio\jre\jre\bin\msvcr100.dll
0x0000000063110000 - 0x0000000063956000 	C:\Program Files\Android\Android Studio\jre\jre\bin\server\jvm.dll
0x00007ff94ef50000 - 0x00007ff94ef58000 	C:\WINDOWS\System32\PSAPI.DLL
0x00007ff94bb40000 - 0x00007ff94bb64000 	C:\WINDOWS\SYSTEM32\WINMM.dll
0x00007ff937130000 - 0x00007ff937139000 	C:\WINDOWS\SYSTEM32\WSOCK32.dll
0x00007ff9416e0000 - 0x00007ff9416ea000 	C:\WINDOWS\SYSTEM32\VERSION.dll
0x00007ff94f600000 - 0x00007ff94f66f000 	C:\WINDOWS\System32\WS2_32.dll
0x00007ff94b9d0000 - 0x00007ff94b9fd000 	C:\WINDOWS\SYSTEM32\WINMMBASE.dll
0x00007ff94ec50000 - 0x00007ff94ec9a000 	C:\WINDOWS\System32\cfgmgr32.dll
0x00007ff948630000 - 0x00007ff94863f000 	C:\Program Files\Android\Android Studio\jre\jre\bin\verify.dll
0x00007ff9448c0000 - 0x00007ff9448e9000 	C:\Program Files\Android\Android Studio\jre\jre\bin\java.dll
0x00007ff944010000 - 0x00007ff944026000 	C:\Program Files\Android\Android Studio\jre\jre\bin\zip.dll
0x00007ff94fc90000 - 0x00007ff950378000 	C:\WINDOWS\System32\SHELL32.dll
0x00007ff94f170000 - 0x00007ff94f217000 	C:\WINDOWS\System32\shcore.dll
0x00007ff94dd30000 - 0x00007ff94e4ab000 	C:\WINDOWS\System32\windows.storage.dll
0x00007ff94db70000 - 0x00007ff94db8e000 	C:\WINDOWS\System32\profapi.dll
0x00007ff94dae0000 - 0x00007ff94db2a000 	C:\WINDOWS\System32\powrprof.dll
0x00007ff94dad0000 - 0x00007ff94dae0000 	C:\WINDOWS\System32\UMPDC.dll
0x00007ff94f110000 - 0x00007ff94f162000 	C:\WINDOWS\System32\shlwapi.dll
0x00007ff94db30000 - 0x00007ff94db41000 	C:\WINDOWS\System32\kernel.appcore.dll
0x00007ff94e4e0000 - 0x00007ff94e4f7000 	C:\WINDOWS\System32\cryptsp.dll
0x00007ff93e230000 - 0x00007ff93e24a000 	C:\Program Files\Android\Android Studio\jre\jre\bin\net.dll
0x00007ff939720000 - 0x00007ff9398f7000 	C:\WINDOWS\SYSTEM32\urlmon.dll
0x00007ff939470000 - 0x00007ff939717000 	C:\WINDOWS\SYSTEM32\iertutil.dll
0x00007ff94d4e0000 - 0x00007ff94d4ec000 	C:\WINDOWS\SYSTEM32\CRYPTBASE.DLL
0x00007ff94d310000 - 0x00007ff94d377000 	C:\WINDOWS\system32\mswsock.dll
0x00007ff933fb0000 - 0x00007ff933fc3000 	C:\Program Files\Android\Android Studio\jre\jre\bin\nio.dll
0x00007ff91f200000 - 0x00007ff91f226000 	C:\Users\user\AndroidStudioProjects\1963test\.gradle\native\30\windows-amd64\native-platform.dll
0x00007ff948590000 - 0x00007ff94859d000 	C:\Program Files\Android\Android Studio\jre\jre\bin\management.dll
0x00007ff94ce90000 - 0x00007ff94cec3000 	C:\WINDOWS\system32\rsaenh.dll
0x00007ff94e4b0000 - 0x00007ff94e4d6000 	C:\WINDOWS\System32\bcrypt.dll
0x00007ff94d9f0000 - 0x00007ff94da15000 	C:\WINDOWS\SYSTEM32\USERENV.dll
0x00007ff94d020000 - 0x00007ff94d05a000 	C:\WINDOWS\SYSTEM32\IPHLPAPI.DLL
0x00007ff94ee50000 - 0x00007ff94ee58000 	C:\WINDOWS\System32\NSI.dll
0x00007ff945a90000 - 0x00007ff945aa6000 	C:\WINDOWS\SYSTEM32\dhcpcsvc6.DLL
0x00007ff946670000 - 0x00007ff94668c000 	C:\WINDOWS\SYSTEM32\dhcpcsvc.DLL
0x00007ff94d060000 - 0x00007ff94d12b000 	C:\WINDOWS\SYSTEM32\DNSAPI.dll

VM Arguments:
jvm_args: -Xmx1536m -Dfile.encoding=x-windows-950 -Duser.country=TW -Duser.language=zh -Duser.variant 
java_command: org.gradle.launcher.daemon.bootstrap.GradleDaemon 5.6.4
java_class_path (initial): C:\Users\user\AndroidStudioProjects\1963test\.gradle\wrapper\dists\gradle-5.6.4-all\ankdp27end7byghfw1q2sw75f\gradle-5.6.4\lib\gradle-launcher-5.6.4.jar
Launcher Type: SUN_STANDARD

Environment Variables:
PATH=C:\Program Files\Common Files\Oracle\Java\javapath;C:\Program Files (x86)\Common Files\Oracle\Java\javapath;C:\Program Files (x86)\Intel\iCLS Client\;C:\Program Files\Intel\iCLS Client\;C:\Windows\system32;C:\Windows;C:\Windows\System32\Wbem;C:\Windows\System32\WindowsPowerShell\v1.0\;C:\Program Files (x86)\Intel\Intel(R) Management Engine Components\DAL;C:\Program Files\Intel\Intel(R) Management Engine Components\DAL;C:\Program Files (x86)\Intel\Intel(R) Management Engine Components\IPT;C:\Program Files\Intel\Intel(R) Management Engine Components\IPT;C:\Program Files (x86)\NVIDIA Corporation\PhysX\Common;C:\WINDOWS\system32;C:\WINDOWS;C:\WINDOWS\System32\Wbem;C:\WINDOWS\System32\WindowsPowerShell\v1.0\;C:\WINDOWS\System32\OpenSSH\;C:\Program Files (x86)\Brackets\command;C:\Program Files\Microsoft SQL Server\Client SDK\ODBC\170\Tools\Binn\;C:\Program Files (x86)\Microsoft SQL Server\150\Tools\Binn\;C:\Program Files\Microsoft SQL Server\150\Tools\Binn\;C:\Program Files\Microsoft SQL Server\150\DTS\Binn\;C:\Program Files (x86)\Microsoft SQL Server\150\DTS\Binn\;C:\Program Files\Git\cmd;C:\Users\user\AppData\Local\Programs\Python\Python37-32\Scripts\;C:\Users\user\AppData\Local\Programs\Python\Python37-32\;C:\Users\user\AppData\Local\Microsoft\WindowsApps;
USERNAME=user
OS=Windows_NT
PROCESSOR_IDENTIFIER=Intel64 Family 6 Model 142 Stepping 10, GenuineIntel



---------------  S Y S T E M  ---------------

OS: Windows 10.0 , 64 bit Build 18362 (10.0.18362.1500)

CPU:total 8 (initial active 8) (4 cores per cpu, 2 threads per core) family 6 model 142 stepping 10, cmov, cx8, fxsr, mmx, sse, sse2, sse3, ssse3, sse4.1, sse4.2, popcnt, avx, avx2, aes, clmul, erms, 3dnowpref, lzcnt, ht, tsc, tscinvbit, bmi1, bmi2, adx

Memory: 4k page, physical 4068580k(361760k free), swap 16651492k(12528k free)

vm_info: OpenJDK 64-Bit Server VM (25.212-b04) for windows-amd64 JRE (1.8.0_212-release-1586-b04), built by "builder" with MS VC++ 10.0 (VS2010)

time: Sun May 30 19:32:40 2021
timezone: 台北標準時間
elapsed time: 1137 seconds (0d 0h 18m 57s)

